Arguments: 
  /usr/bin/node /usr/share/yarn/bin/yarn.js

PATH: 
  /home/vincent/bin:/home/vincent/.local/bin:/usr/local/sbin:/usr/local/bin:/usr/sbin:/usr/bin:/sbin:/bin:/usr/games:/usr/local/games

Yarn version: 
  1.3.2

Node version: 
  8.9.1

Platform: 
  linux x64

npm manifest: 
  {
    "name": "CockpitFront",
    "version": "1.0.0",
    "main": "index.js",
    "repository": "git@github.com:O-clock-Dev/CockpitFront.git",
    "author": "Alexandre Bourdeaud'hui <Alexandre.Bourdeaudhui@Gmail.com>",
    "license": "MIT",
    "devDependencies": {
      "auto-reload-brunch": "*",
      "autoprefixer": "*",
      "babel-brunch": "https://github.com/babel/babel-brunch",
      "babel-eslint": "*",
      "babel-plugin-transform-class-properties": "*",
      "babel-plugin-transform-object-rest-spread": "*",
      "babel-preset-env": "*",
      "babel-preset-react": "*",
      "babel-register": "*",
      "babel-resolver": "*",
      "brunch": "*",
      "chai": "*",
      "enzyme": "*",
      "enzyme-adapter-react-16": "*",
      "eslint": "*",
      "eslint-config-airbnb": "*",
      "eslint-import-resolver-node": "*",
      "eslint-plugin-import": "*",
      "eslint-plugin-jsx-a11y": "*",
      "eslint-plugin-react": "*",
      "jsdom": "*",
      "mocha": "*",
      "postcss-brunch": "0.5.0",
      "react-test-renderer": "*",
      "stylus-brunch": "*"
    },
    "scripts": {
      "start": "brunch watch --server",
      "test": "mocha tests/.setup.js 'tests/**/*.test.js'",
      "test:one": "mocha tests/.setup.js",
      "lint": "eslint --fix app tests"
    },
    "lint-staged": {
      "*.js": [
        "yarn pretty",
        "yarn lint",
        "git add"
      ]
    },
    "dependencies": {
      "@researchgate/react-intersection-observer": "^0.6.0",
      "babel-polyfill": "*",
      "intersection-observer": "^0.5.0",
      "prop-types": "^15.6.0",
      "react": "^16.2.0",
      "react-dom": "^16.2.0",
      "react-text-loop": "^1.1.0"
    }
  }

yarn manifest: 
  No manifest

Lockfile: 
  No lockfile

Trace: 
  Error: getaddrinfo EAI_AGAIN registry.yarnpkg.com:443
      at Object._errnoException (util.js:1024:11)
      at errnoException (dns.js:55:15)
      at GetAddrInfoReqWrap.onlookup [as oncomplete] (dns.js:92:26)
